<?xml version="1.0" encoding="UTF-8"?>
<testsuite name="Test.AndroidTests.AddDeletePublishProductTests.SaveProductToDraftTests" tests="2" skipped="0" failures="0" errors="0" timestamp="2019-07-22T13:20:33" hostname="Tonis-iMac.local" time="236.505">
  <properties/>
  <testcase name="saveToDrfatsWithDpdPostamat" classname="Test.AndroidTests.AddDeletePublishProductTests.SaveProductToDraftTests" time="127.101"/>
  <testcase name="saveToDrfatsWithDpdCourierAndPostamat" classname="Test.AndroidTests.AddDeletePublishProductTests.SaveProductToDraftTests" time="109.404"/>
  <system-out><![CDATA[]]></system-out>
  <system-err><![CDATA[июл 22, 2019 4:20:45 PM io.appium.java_client.remote.AppiumCommandExecutor$1 lambda$0
INFO: Detected dialect: W3C
июл 22, 2019 4:22:52 PM io.appium.java_client.remote.AppiumCommandExecutor$1 lambda$0
INFO: Detected dialect: W3C
]]></system-err>
</testsuite>
