<?xml version="1.0" encoding="UTF-8"?>
<testsuite name="Test.AndroidTests.SettingsTests.AddDeleteAddressTest" tests="1" skipped="0" failures="0" errors="0" timestamp="2019-09-24T13:51:39" hostname="Tonis-iMac.local" time="59.057">
  <properties/>
  <testcase name="AddAddressTestWithAllField" classname="Test.AndroidTests.SettingsTests.AddDeleteAddressTest" time="59.057"/>
  <system-out><![CDATA[]]></system-out>
  <system-err><![CDATA[сен 24, 2019 4:51:50 PM io.appium.java_client.remote.AppiumCommandExecutor$1 lambda$0
INFO: Detected dialect: W3C
]]></system-err>
</testsuite>
