<?xml version="1.0" encoding="UTF-8"?>
<testsuite name="Test.AndroidTests.Bargain.BargainTest" tests="4" skipped="0" failures="0" errors="0" timestamp="2019-09-24T13:28:11" hostname="Tonis-iMac.local" time="189.607">
  <properties/>
  <testcase name="BargainCloseAndOpenTest" classname="Test.AndroidTests.Bargain.BargainTest" time="57.225"/>
  <testcase name="LowOfferInBargain" classname="Test.AndroidTests.Bargain.BargainTest" time="48.328"/>
  <testcase name="FullAcceptBargain" classname="Test.AndroidTests.Bargain.BargainTest" time="35.115"/>
  <testcase name="HighOfferInBargain" classname="Test.AndroidTests.Bargain.BargainTest" time="48.939"/>
  <system-out><![CDATA[]]></system-out>
  <system-err><![CDATA[сен 24, 2019 4:28:26 PM io.appium.java_client.remote.AppiumCommandExecutor$1 lambda$0
INFO: Detected dialect: W3C
сен 24, 2019 4:29:22 PM io.appium.java_client.remote.AppiumCommandExecutor$1 lambda$0
INFO: Detected dialect: W3C
сен 24, 2019 4:30:08 PM io.appium.java_client.remote.AppiumCommandExecutor$1 lambda$0
INFO: Detected dialect: W3C
сен 24, 2019 4:30:47 PM io.appium.java_client.remote.AppiumCommandExecutor$1 lambda$0
INFO: Detected dialect: W3C
]]></system-err>
</testsuite>
