<?xml version="1.0" encoding="UTF-8"?>
<testsuite name="Test.Checkout.CancelPurchaseTest" tests="1" skipped="0" failures="0" errors="0" timestamp="2020-01-21T07:45:10" hostname="Tonis-iMac.local" time="28.036">
  <properties/>
  <testcase name="cancelPurchaseBySellerTest()" classname="Test.Checkout.CancelPurchaseTest" time="28.036"/>
  <system-out><![CDATA[]]></system-out>
  <system-err><![CDATA[янв 21, 2020 10:45:22 AM io.appium.java_client.remote.AppiumCommandExecutor$1 lambda$0
INFO: Detected dialect: W3C
]]></system-err>
</testsuite>
