<?xml version="1.0" encoding="UTF-8"?>
<testsuite name="Test.AndroidTests.Bargain.BargainTest" tests="4" skipped="0" failures="0" errors="0" timestamp="2020-01-21T07:47:36" hostname="Tonis-iMac.local" time="174.771">
  <properties/>
  <testcase name="BargainCloseAndOpenTest()" classname="Test.AndroidTests.Bargain.BargainTest" time="51.814"/>
  <testcase name="LowOfferInBargain()" classname="Test.AndroidTests.Bargain.BargainTest" time="44.099"/>
  <testcase name="FullAcceptBargain()" classname="Test.AndroidTests.Bargain.BargainTest" time="34.822"/>
  <testcase name="HighOfferInBargain()" classname="Test.AndroidTests.Bargain.BargainTest" time="44.036"/>
  <system-out><![CDATA[]]></system-out>
  <system-err><![CDATA[янв 21, 2020 10:47:47 AM io.appium.java_client.remote.AppiumCommandExecutor$1 lambda$0
INFO: Detected dialect: W3C
янв 21, 2020 10:48:39 AM io.appium.java_client.remote.AppiumCommandExecutor$1 lambda$0
INFO: Detected dialect: W3C
янв 21, 2020 10:49:24 AM io.appium.java_client.remote.AppiumCommandExecutor$1 lambda$0
INFO: Detected dialect: W3C
янв 21, 2020 10:49:58 AM io.appium.java_client.remote.AppiumCommandExecutor$1 lambda$0
INFO: Detected dialect: W3C
]]></system-err>
</testsuite>
