<?xml version="1.0" encoding="UTF-8"?>
<testsuite name="Test.AndroidTests.ProductCard.CheckLikesTest" tests="1" skipped="0" failures="0" errors="0" timestamp="2019-07-15T11:31:01" hostname="Tonis-iMac.local" time="46.977">
  <properties/>
  <testcase name="checkLikesTest" classname="Test.AndroidTests.ProductCard.CheckLikesTest" time="46.977"/>
  <system-out><![CDATA[]]></system-out>
  <system-err><![CDATA[июл 15, 2019 2:31:13 PM io.appium.java_client.remote.AppiumCommandExecutor$1 lambda$0
INFO: Detected dialect: W3C
]]></system-err>
</testsuite>
