<?xml version="1.0" encoding="UTF-8"?>
<testsuite name="Test.AndroidTests.ProductCard.CheckCommentsTest" tests="1" skipped="0" failures="0" errors="0" timestamp="2019-07-22T13:02:27" hostname="Tonis-iMac.local" time="50.077">
  <properties/>
  <testcase name="checkCommentsInMyGoodsForSaleTest" classname="Test.AndroidTests.ProductCard.CheckCommentsTest" time="50.077"/>
  <system-out><![CDATA[]]></system-out>
  <system-err><![CDATA[июл 22, 2019 4:02:39 PM io.appium.java_client.remote.AppiumCommandExecutor$1 lambda$0
INFO: Detected dialect: W3C
]]></system-err>
</testsuite>
