<?xml version="1.0" encoding="UTF-8"?>
<testsuite name="Test.AndroidTests.ProductCard.BargainTest" tests="4" skipped="0" failures="0" errors="0" timestamp="2019-07-22T13:04:04" hostname="Tonis-iMac.local" time="176.265">
  <properties/>
  <testcase name="HighOfferInBargain" classname="Test.AndroidTests.ProductCard.BargainTest" time="45.266"/>
  <testcase name="FullAcceptBargain" classname="Test.AndroidTests.ProductCard.BargainTest" time="32.701"/>
  <testcase name="LowOfferInBargain" classname="Test.AndroidTests.ProductCard.BargainTest" time="44.642"/>
  <testcase name="BargainCloseAndOpenTest" classname="Test.AndroidTests.ProductCard.BargainTest" time="53.656"/>
  <system-out><![CDATA[]]></system-out>
  <system-err><![CDATA[июл 22, 2019 4:04:15 PM io.appium.java_client.remote.AppiumCommandExecutor$1 lambda$0
INFO: Detected dialect: W3C
июл 22, 2019 4:05:00 PM io.appium.java_client.remote.AppiumCommandExecutor$1 lambda$0
INFO: Detected dialect: W3C
июл 22, 2019 4:05:33 PM io.appium.java_client.remote.AppiumCommandExecutor$1 lambda$0
INFO: Detected dialect: W3C
июл 22, 2019 4:06:18 PM io.appium.java_client.remote.AppiumCommandExecutor$1 lambda$0
INFO: Detected dialect: W3C
]]></system-err>
</testsuite>
