<?xml version="1.0" encoding="UTF-8"?>
<testsuite name="Test.AndroidTests.ProfileTests.CheckSubscribersAndSubscriptionsTest" tests="2" skipped="0" failures="0" errors="0" timestamp="2019-07-22T13:08:41" hostname="Tonis-iMac.local" time="65.998">
  <properties/>
  <testcase name="clickBySubscripersTest" classname="Test.AndroidTests.ProfileTests.CheckSubscribersAndSubscriptionsTest" time="32.923"/>
  <testcase name="clickBySubscriptions" classname="Test.AndroidTests.ProfileTests.CheckSubscribersAndSubscriptionsTest" time="33.075"/>
  <system-out><![CDATA[]]></system-out>
  <system-err><![CDATA[июл 22, 2019 4:08:52 PM io.appium.java_client.remote.AppiumCommandExecutor$1 lambda$0
INFO: Detected dialect: W3C
июл 22, 2019 4:09:25 PM io.appium.java_client.remote.AppiumCommandExecutor$1 lambda$0
INFO: Detected dialect: W3C
]]></system-err>
</testsuite>
