<?xml version="1.0" encoding="UTF-8"?>
<testsuite name="Test.AndroidTests.ProfileTests.ProfileTests" tests="3" skipped="0" failures="0" errors="0" timestamp="2019-07-22T13:07:00" hostname="Tonis-iMac.local" time="100.412">
  <properties/>
  <testcase name="checkMyProducts" classname="Test.AndroidTests.ProfileTests.ProfileTests" time="32.919"/>
  <testcase name="checkLikedTest" classname="Test.AndroidTests.ProfileTests.ProfileTests" time="35.222"/>
  <testcase name="checkGuide" classname="Test.AndroidTests.ProfileTests.ProfileTests" time="32.271"/>
  <system-out><![CDATA[Переход в Мои товары выполнен успешно
Переход во вкладку Мне понравилось выполнен успешно
Переход на вкладку Гид выполнен успешно
]]></system-out>
  <system-err><![CDATA[июл 22, 2019 4:07:12 PM io.appium.java_client.remote.AppiumCommandExecutor$1 lambda$0
INFO: Detected dialect: W3C
июл 22, 2019 4:07:44 PM io.appium.java_client.remote.AppiumCommandExecutor$1 lambda$0
INFO: Detected dialect: W3C
июл 22, 2019 4:08:20 PM io.appium.java_client.remote.AppiumCommandExecutor$1 lambda$0
INFO: Detected dialect: W3C
]]></system-err>
</testsuite>
