<?xml version="1.0" encoding="UTF-8"?>
<testsuite name="Test.AndroidTests.ProfileTests.CheckSubscribersAndSubscriptionsTest" tests="2" skipped="0" failures="0" errors="0" timestamp="2019-07-15T11:36:29" hostname="Tonis-iMac.local" time="64.565">
  <properties/>
  <testcase name="clickBySubscripersTest" classname="Test.AndroidTests.ProfileTests.CheckSubscribersAndSubscriptionsTest" time="32.59"/>
  <testcase name="clickBySubscriptions" classname="Test.AndroidTests.ProfileTests.CheckSubscribersAndSubscriptionsTest" time="31.975"/>
  <system-out><![CDATA[]]></system-out>
  <system-err><![CDATA[июл 15, 2019 2:36:40 PM io.appium.java_client.remote.AppiumCommandExecutor$1 lambda$0
INFO: Detected dialect: W3C
июл 15, 2019 2:37:12 PM io.appium.java_client.remote.AppiumCommandExecutor$1 lambda$0
INFO: Detected dialect: W3C
]]></system-err>
</testsuite>
