<?xml version="1.0" encoding="UTF-8"?>
<testsuite name="Test.Checkout.CancelPurchaseTest" tests="1" skipped="0" failures="0" errors="0" timestamp="2019-07-22T13:01:59" hostname="Tonis-iMac.local" time="28.111">
  <properties/>
  <testcase name="cancelPurchaseBySellerTest" classname="Test.Checkout.CancelPurchaseTest" time="28.111"/>
  <system-out><![CDATA[]]></system-out>
  <system-err><![CDATA[июл 22, 2019 4:02:11 PM io.appium.java_client.remote.AppiumCommandExecutor$1 lambda$0
INFO: Detected dialect: W3C
]]></system-err>
</testsuite>
