<?xml version="1.0" encoding="UTF-8"?>
<testsuite name="Test.AndroidTests.AddDeletePublishProductTests.SaveProductToDraftTests" tests="2" skipped="0" failures="0" errors="0" timestamp="2019-08-05T14:16:55" hostname="Tonis-iMac.local" time="237.818">
  <properties/>
  <testcase name="saveToDrfatsWithDpdCourierAndPostamat" classname="Test.AndroidTests.AddDeletePublishProductTests.SaveProductToDraftTests" time="111.451"/>
  <testcase name="saveToDrfatsWithDpdPostamat" classname="Test.AndroidTests.AddDeletePublishProductTests.SaveProductToDraftTests" time="126.367"/>
  <system-out><![CDATA[]]></system-out>
  <system-err><![CDATA[авг 05, 2019 5:17:07 PM io.appium.java_client.remote.AppiumCommandExecutor$1 lambda$0
INFO: Detected dialect: W3C
авг 05, 2019 5:18:58 PM io.appium.java_client.remote.AppiumCommandExecutor$1 lambda$0
INFO: Detected dialect: W3C
]]></system-err>
</testsuite>
