<?xml version="1.0" encoding="UTF-8"?>
<testsuite name="Test.AndroidTests.AddDeletePublishProductTests.AddProductTest" tests="2" skipped="0" failures="0" errors="0" timestamp="2019-09-24T13:39:33" hostname="Tonis-iMac.local" time="250.857">
  <properties/>
  <testcase name="publishProductWithAllDeliveries" classname="Test.AndroidTests.AddDeletePublishProductTests.AddProductTest" time="122.572"/>
  <testcase name="publishProductWithRussianPost" classname="Test.AndroidTests.AddDeletePublishProductTests.AddProductTest" time="128.285"/>
  <system-out><![CDATA[]]></system-out>
  <system-err><![CDATA[сен 24, 2019 4:39:45 PM io.appium.java_client.remote.AppiumCommandExecutor$1 lambda$0
INFO: Detected dialect: W3C
сен 24, 2019 4:41:47 PM io.appium.java_client.remote.AppiumCommandExecutor$1 lambda$0
INFO: Detected dialect: W3C
]]></system-err>
</testsuite>
