<?xml version="1.0" encoding="UTF-8"?>
<testsuite name="Test.AndroidTests.ProductCard.BargainTest" tests="4" skipped="0" failures="0" errors="0" timestamp="2019-07-15T11:31:48" hostname="Tonis-iMac.local" time="176.689">
  <properties/>
  <testcase name="BargainCloseAndOpenTest" classname="Test.AndroidTests.ProductCard.BargainTest" time="53.701"/>
  <testcase name="LowOfferInBargain" classname="Test.AndroidTests.ProductCard.BargainTest" time="44.82"/>
  <testcase name="HighOfferInBargain" classname="Test.AndroidTests.ProductCard.BargainTest" time="46.568"/>
  <testcase name="FullAcceptBargain" classname="Test.AndroidTests.ProductCard.BargainTest" time="31.6"/>
  <system-out><![CDATA[]]></system-out>
  <system-err><![CDATA[июл 15, 2019 2:32:00 PM io.appium.java_client.remote.AppiumCommandExecutor$1 lambda$0
INFO: Detected dialect: W3C
июл 15, 2019 2:32:54 PM io.appium.java_client.remote.AppiumCommandExecutor$1 lambda$0
INFO: Detected dialect: W3C
июл 15, 2019 2:33:38 PM io.appium.java_client.remote.AppiumCommandExecutor$1 lambda$0
INFO: Detected dialect: W3C
июл 15, 2019 2:34:26 PM io.appium.java_client.remote.AppiumCommandExecutor$1 lambda$0
INFO: Detected dialect: W3C
]]></system-err>
</testsuite>
