<?xml version="1.0" encoding="UTF-8"?>
<testsuite name="Test.AndroidTests.ChatTests.SendMessagesFromListChatTests" tests="3" skipped="0" failures="0" errors="0" timestamp="2019-09-24T13:55:55" hostname="Tonis-iMac.local" time="109.812">
  <properties/>
  <testcase name="writeLongMessageTest" classname="Test.AndroidTests.ChatTests.SendMessagesFromListChatTests" time="32.562"/>
  <testcase name="writeMessageWithHieroglyphs" classname="Test.AndroidTests.ChatTests.SendMessagesFromListChatTests" time="34.406"/>
  <testcase name="send5MessagesTest" classname="Test.AndroidTests.ChatTests.SendMessagesFromListChatTests" time="42.844"/>
  <system-out><![CDATA[]]></system-out>
  <system-err><![CDATA[сен 24, 2019 4:56:06 PM io.appium.java_client.remote.AppiumCommandExecutor$1 lambda$0
INFO: Detected dialect: W3C
сен 24, 2019 4:56:39 PM io.appium.java_client.remote.AppiumCommandExecutor$1 lambda$0
INFO: Detected dialect: W3C
сен 24, 2019 4:57:13 PM io.appium.java_client.remote.AppiumCommandExecutor$1 lambda$0
INFO: Detected dialect: W3C
]]></system-err>
</testsuite>
