<?xml version="1.0" encoding="UTF-8"?>
<testsuite name="Test.AndroidTests.ProfileTests.ProfileTests" tests="3" skipped="0" failures="0" errors="0" timestamp="2019-10-28T11:20:07" hostname="Tonis-iMac.local" time="99.824">
  <properties/>
  <testcase name="checkGuide" classname="Test.AndroidTests.ProfileTests.ProfileTests" time="32.272"/>
  <testcase name="checkMyProducts" classname="Test.AndroidTests.ProfileTests.ProfileTests" time="32.797"/>
  <testcase name="checkLikedTest" classname="Test.AndroidTests.ProfileTests.ProfileTests" time="34.755"/>
  <system-out><![CDATA[Переход на вкладку Гид выполнен успешно
Переход в Мои товары выполнен успешно
Переход во вкладку Мне понравилось выполнен успешно
]]></system-out>
  <system-err><![CDATA[окт 28, 2019 2:20:19 PM io.appium.java_client.remote.AppiumCommandExecutor$1 lambda$0
INFO: Detected dialect: W3C
окт 28, 2019 2:20:51 PM io.appium.java_client.remote.AppiumCommandExecutor$1 lambda$0
INFO: Detected dialect: W3C
окт 28, 2019 2:21:24 PM io.appium.java_client.remote.AppiumCommandExecutor$1 lambda$0
INFO: Detected dialect: W3C
]]></system-err>
</testsuite>
