<?xml version="1.0" encoding="UTF-8"?>
<testsuite name="Test.AndroidTests.AddDeletePublishProductTests.SaveProductToDraftTests" tests="2" skipped="0" failures="0" errors="0" timestamp="2019-09-24T13:43:44" hostname="Tonis-iMac.local" time="258.49">
  <properties/>
  <testcase name="saveToDrfatsWithDpdPostamat" classname="Test.AndroidTests.AddDeletePublishProductTests.SaveProductToDraftTests" time="136.067"/>
  <testcase name="saveToDrfatsWithDpdCourierAndPostamat" classname="Test.AndroidTests.AddDeletePublishProductTests.SaveProductToDraftTests" time="122.423"/>
  <system-out><![CDATA[]]></system-out>
  <system-err><![CDATA[сен 24, 2019 4:43:56 PM io.appium.java_client.remote.AppiumCommandExecutor$1 lambda$0
INFO: Detected dialect: W3C
сен 24, 2019 4:46:12 PM io.appium.java_client.remote.AppiumCommandExecutor$1 lambda$0
INFO: Detected dialect: W3C
]]></system-err>
</testsuite>
