<?xml version="1.0" encoding="UTF-8"?>
<testsuite name="Test.AndroidTests.AddDeletePublishProductTests.SaveProductToDraftTests" tests="2" skipped="0" failures="0" errors="0" timestamp="2019-09-24T11:40:28" hostname="Tonis-iMac.local" time="258.201">
  <properties/>
  <testcase name="saveToDrfatsWithDpdPostamat" classname="Test.AndroidTests.AddDeletePublishProductTests.SaveProductToDraftTests" time="136.163"/>
  <testcase name="saveToDrfatsWithDpdCourierAndPostamat" classname="Test.AndroidTests.AddDeletePublishProductTests.SaveProductToDraftTests" time="122.038"/>
  <system-out><![CDATA[]]></system-out>
  <system-err><![CDATA[сен 24, 2019 2:40:39 PM io.appium.java_client.remote.AppiumCommandExecutor$1 lambda$0
INFO: Detected dialect: W3C
сен 24, 2019 2:42:55 PM io.appium.java_client.remote.AppiumCommandExecutor$1 lambda$0
INFO: Detected dialect: W3C
]]></system-err>
</testsuite>
