<?xml version="1.0" encoding="UTF-8"?>
<testsuite name="Test.AndroidTests.Bargain.BargainTest" tests="4" skipped="0" failures="0" errors="0" timestamp="2019-12-24T09:54:16" hostname="Tonis-iMac.local" time="174.422">
  <properties/>
  <testcase name="BargainCloseAndOpenTest" classname="Test.AndroidTests.Bargain.BargainTest" time="52.498"/>
  <testcase name="LowOfferInBargain" classname="Test.AndroidTests.Bargain.BargainTest" time="45.073"/>
  <testcase name="FullAcceptBargain" classname="Test.AndroidTests.Bargain.BargainTest" time="32.531"/>
  <testcase name="HighOfferInBargain" classname="Test.AndroidTests.Bargain.BargainTest" time="44.32"/>
  <system-out><![CDATA[]]></system-out>
  <system-err><![CDATA[дек 24, 2019 12:54:28 PM io.appium.java_client.remote.AppiumCommandExecutor$1 lambda$0
INFO: Detected dialect: W3C
дек 24, 2019 12:55:21 PM io.appium.java_client.remote.AppiumCommandExecutor$1 lambda$0
INFO: Detected dialect: W3C
дек 24, 2019 12:56:06 PM io.appium.java_client.remote.AppiumCommandExecutor$1 lambda$0
INFO: Detected dialect: W3C
дек 24, 2019 12:56:38 PM io.appium.java_client.remote.AppiumCommandExecutor$1 lambda$0
INFO: Detected dialect: W3C
]]></system-err>
</testsuite>
