<?xml version="1.0" encoding="UTF-8"?>
<testsuite name="Test.AndroidTests.ChatTests.SendMessagesFromListChatTests" tests="3" skipped="0" failures="0" errors="0" timestamp="2020-01-21T08:16:06" hostname="Tonis-iMac.local" time="111.216">
  <properties/>
  <testcase name="writeLongMessageTest()" classname="Test.AndroidTests.ChatTests.SendMessagesFromListChatTests" time="34.529"/>
  <testcase name="writeMessageWithHieroglyphs()" classname="Test.AndroidTests.ChatTests.SendMessagesFromListChatTests" time="34.05"/>
  <testcase name="send5MessagesTest()" classname="Test.AndroidTests.ChatTests.SendMessagesFromListChatTests" time="42.637"/>
  <system-out><![CDATA[]]></system-out>
  <system-err><![CDATA[янв 21, 2020 11:16:18 AM io.appium.java_client.remote.AppiumCommandExecutor$1 lambda$0
INFO: Detected dialect: W3C
янв 21, 2020 11:16:52 AM io.appium.java_client.remote.AppiumCommandExecutor$1 lambda$0
INFO: Detected dialect: W3C
янв 21, 2020 11:17:27 AM io.appium.java_client.remote.AppiumCommandExecutor$1 lambda$0
INFO: Detected dialect: W3C
]]></system-err>
</testsuite>
