<?xml version="1.0" encoding="UTF-8"?>
<testsuite name="Test.AndroidTests.LoginAndRegTests.LogoutTest" tests="1" skipped="0" failures="0" errors="0" timestamp="2019-08-05T14:31:50" hostname="Tonis-iMac.local" time="34.815">
  <properties/>
  <testcase name="logoutTest" classname="Test.AndroidTests.LoginAndRegTests.LogoutTest" time="34.815"/>
  <system-out><![CDATA[]]></system-out>
  <system-err><![CDATA[авг 05, 2019 5:32:01 PM io.appium.java_client.remote.AppiumCommandExecutor$1 lambda$0
INFO: Detected dialect: W3C
]]></system-err>
</testsuite>
