<?xml version="1.0" encoding="UTF-8"?>
<testsuite name="Test.AndroidTests.ProfileTests.CheckSubscribersAndSubscriptionsTest" tests="2" skipped="0" failures="0" errors="0" timestamp="2019-08-05T14:05:21" hostname="Tonis-iMac.local" time="68.157">
  <properties/>
  <testcase name="clickBySubscripersTest" classname="Test.AndroidTests.ProfileTests.CheckSubscribersAndSubscriptionsTest" time="33.946"/>
  <testcase name="clickBySubscriptions" classname="Test.AndroidTests.ProfileTests.CheckSubscribersAndSubscriptionsTest" time="34.211"/>
  <system-out><![CDATA[]]></system-out>
  <system-err><![CDATA[авг 05, 2019 5:05:32 PM io.appium.java_client.remote.AppiumCommandExecutor$1 lambda$0
INFO: Detected dialect: W3C
авг 05, 2019 5:06:06 PM io.appium.java_client.remote.AppiumCommandExecutor$1 lambda$0
INFO: Detected dialect: W3C
]]></system-err>
</testsuite>
