<?xml version="1.0" encoding="UTF-8"?>
<testsuite name="Test.AndroidTests.AddDeletePublishProductTests.AddProductTest" tests="3" skipped="0" failures="0" errors="0" timestamp="2019-08-05T14:10:58" hostname="Tonis-iMac.local" time="357.223">
  <properties/>
  <testcase name="publishProductWithBOTHDeliveries" classname="Test.AndroidTests.AddDeletePublishProductTests.AddProductTest" time="117.237"/>
  <testcase name="publishProductWithDPDCourier" classname="Test.AndroidTests.AddDeletePublishProductTests.AddProductTest" time="119.568"/>
  <testcase name="publishProductWithDPDPostamat" classname="Test.AndroidTests.AddDeletePublishProductTests.AddProductTest" time="120.418"/>
  <system-out><![CDATA[]]></system-out>
  <system-err><![CDATA[авг 05, 2019 5:11:10 PM io.appium.java_client.remote.AppiumCommandExecutor$1 lambda$0
INFO: Detected dialect: W3C
авг 05, 2019 5:13:07 PM io.appium.java_client.remote.AppiumCommandExecutor$1 lambda$0
INFO: Detected dialect: W3C
авг 05, 2019 5:15:07 PM io.appium.java_client.remote.AppiumCommandExecutor$1 lambda$0
INFO: Detected dialect: W3C
]]></system-err>
</testsuite>
