<?xml version="1.0" encoding="UTF-8"?>
<testsuite name="Test.Checkout.CancelPurchaseTest" tests="1" skipped="0" failures="0" errors="0" timestamp="2019-07-15T11:29:41" hostname="Tonis-iMac.local" time="29.081">
  <properties/>
  <testcase name="cancelPurchaseBySellerTest" classname="Test.Checkout.CancelPurchaseTest" time="29.081"/>
  <system-out><![CDATA[]]></system-out>
  <system-err><![CDATA[июл 15, 2019 2:29:52 PM io.appium.java_client.remote.AppiumCommandExecutor$1 lambda$0
INFO: Detected dialect: W3C
]]></system-err>
</testsuite>
