<?xml version="1.0" encoding="UTF-8"?>
<testsuite name="Test.AndroidTests.ProfileTests.ProfileTests" tests="3" skipped="0" failures="0" errors="0" timestamp="2019-08-05T14:03:38" hostname="Tonis-iMac.local" time="103.009">
  <properties/>
  <testcase name="checkLikedTest" classname="Test.AndroidTests.ProfileTests.ProfileTests" time="35.51"/>
  <testcase name="checkGuide" classname="Test.AndroidTests.ProfileTests.ProfileTests" time="34.139"/>
  <testcase name="checkMyProducts" classname="Test.AndroidTests.ProfileTests.ProfileTests" time="33.36"/>
  <system-out><![CDATA[Переход во вкладку Мне понравилось выполнен успешно
Переход на вкладку Гид выполнен успешно
Переход в Мои товары выполнен успешно
]]></system-out>
  <system-err><![CDATA[авг 05, 2019 5:03:49 PM io.appium.java_client.remote.AppiumCommandExecutor$1 lambda$0
INFO: Detected dialect: W3C
авг 05, 2019 5:04:25 PM io.appium.java_client.remote.AppiumCommandExecutor$1 lambda$0
INFO: Detected dialect: W3C
авг 05, 2019 5:04:59 PM io.appium.java_client.remote.AppiumCommandExecutor$1 lambda$0
INFO: Detected dialect: W3C
]]></system-err>
</testsuite>
