<?xml version="1.0" encoding="UTF-8"?>
<testsuite name="Test.AndroidTests.Bargain.BargainTabTests" tests="3" skipped="0" failures="0" errors="0" timestamp="2020-01-21T07:45:38" hostname="Tonis-iMac.local" time="117.142">
  <properties/>
  <testcase name="checkUserAndProductIcons()" classname="Test.AndroidTests.Bargain.BargainTabTests" time="38.654"/>
  <testcase name="checkTextInFrozenBargain()" classname="Test.AndroidTests.Bargain.BargainTabTests" time="37.963"/>
  <testcase name="checkBtnAndSwitch()" classname="Test.AndroidTests.Bargain.BargainTabTests" time="40.525"/>
  <system-out><![CDATA[]]></system-out>
  <system-err><![CDATA[янв 21, 2020 10:45:50 AM io.appium.java_client.remote.AppiumCommandExecutor$1 lambda$0
INFO: Detected dialect: W3C
янв 21, 2020 10:46:29 AM io.appium.java_client.remote.AppiumCommandExecutor$1 lambda$0
INFO: Detected dialect: W3C
янв 21, 2020 10:47:07 AM io.appium.java_client.remote.AppiumCommandExecutor$1 lambda$0
INFO: Detected dialect: W3C
]]></system-err>
</testsuite>
