<?xml version="1.0" encoding="UTF-8"?>
<testsuite name="Test.AndroidTests.AddDeletePublishProductTests.SaveProductToDraftTests" tests="2" skipped="0" failures="0" errors="0" timestamp="2019-07-15T11:46:51" hostname="Tonis-iMac.local" time="239.813">
  <properties/>
  <testcase name="saveToDrfatsWithDpdPostamat" classname="Test.AndroidTests.AddDeletePublishProductTests.SaveProductToDraftTests" time="125.409"/>
  <testcase name="saveToDrfatsWithDpdCourierAndPostamat" classname="Test.AndroidTests.AddDeletePublishProductTests.SaveProductToDraftTests" time="114.404"/>
  <system-out><![CDATA[]]></system-out>
  <system-err><![CDATA[июл 15, 2019 2:47:02 PM io.appium.java_client.remote.AppiumCommandExecutor$1 lambda$0
INFO: Detected dialect: W3C
июл 15, 2019 2:49:08 PM io.appium.java_client.remote.AppiumCommandExecutor$1 lambda$0
INFO: Detected dialect: W3C
]]></system-err>
</testsuite>
