<?xml version="1.0" encoding="UTF-8"?>
<testsuite name="Test.AndroidTests.LoginAndRegTests.Login_test" tests="3" skipped="0" failures="0" errors="0" timestamp="2019-07-22T13:35:26" hostname="Tonis-iMac.local" time="67.889">
  <properties/>
  <testcase name="correctLoginTest" classname="Test.AndroidTests.LoginAndRegTests.Login_test" time="27.062"/>
  <testcase name="incorrectPhoneNumber" classname="Test.AndroidTests.LoginAndRegTests.Login_test" time="19.507"/>
  <testcase name="incorrectCode" classname="Test.AndroidTests.LoginAndRegTests.Login_test" time="21.32"/>
  <system-out><![CDATA[]]></system-out>
  <system-err><![CDATA[июл 22, 2019 4:35:38 PM io.appium.java_client.remote.AppiumCommandExecutor$1 lambda$0
INFO: Detected dialect: W3C
июл 22, 2019 4:36:05 PM io.appium.java_client.remote.AppiumCommandExecutor$1 lambda$0
INFO: Detected dialect: W3C
июл 22, 2019 4:36:24 PM io.appium.java_client.remote.AppiumCommandExecutor$1 lambda$0
INFO: Detected dialect: W3C
]]></system-err>
</testsuite>
