<?xml version="1.0" encoding="UTF-8"?>
<testsuite name="Test.Checkout.CancelPurchaseTest" tests="1" skipped="0" failures="0" errors="0" timestamp="2019-08-05T13:53:05" hostname="Tonis-iMac.local" time="30.586">
  <properties/>
  <testcase name="cancelPurchaseBySellerTest" classname="Test.Checkout.CancelPurchaseTest" time="30.586"/>
  <system-out><![CDATA[]]></system-out>
  <system-err><![CDATA[авг 05, 2019 4:53:17 PM io.appium.java_client.remote.AppiumCommandExecutor$1 lambda$0
INFO: Detected dialect: W3C
]]></system-err>
</testsuite>
