<?xml version="1.0" encoding="UTF-8"?>
<testsuite name="Test.AndroidTests.LoginAndRegTests.Login_test" tests="3" skipped="0" failures="0" errors="0" timestamp="2019-08-05T14:30:38" hostname="Tonis-iMac.local" time="71.623">
  <properties/>
  <testcase name="incorrectPhoneNumber" classname="Test.AndroidTests.LoginAndRegTests.Login_test" time="19.301"/>
  <testcase name="correctLoginTest" classname="Test.AndroidTests.LoginAndRegTests.Login_test" time="28.036"/>
  <testcase name="incorrectCode" classname="Test.AndroidTests.LoginAndRegTests.Login_test" time="24.286"/>
  <system-out><![CDATA[]]></system-out>
  <system-err><![CDATA[авг 05, 2019 5:30:50 PM io.appium.java_client.remote.AppiumCommandExecutor$1 lambda$0
INFO: Detected dialect: W3C
авг 05, 2019 5:31:08 PM io.appium.java_client.remote.AppiumCommandExecutor$1 lambda$0
INFO: Detected dialect: W3C
авг 05, 2019 5:31:37 PM io.appium.java_client.remote.AppiumCommandExecutor$1 lambda$0
INFO: Detected dialect: W3C
]]></system-err>
</testsuite>
