<?xml version="1.0" encoding="UTF-8"?>
<testsuite name="Test.Checkout.CancelPurchaseTest" tests="1" skipped="0" failures="0" errors="0" timestamp="2019-09-24T13:22:21" hostname="Tonis-iMac.local" time="30.861">
  <properties/>
  <testcase name="cancelPurchaseBySellerTest" classname="Test.Checkout.CancelPurchaseTest" time="30.861"/>
  <system-out><![CDATA[]]></system-out>
  <system-err><![CDATA[сен 24, 2019 4:22:35 PM io.appium.java_client.remote.AppiumCommandExecutor$1 lambda$0
INFO: Detected dialect: W3C
]]></system-err>
</testsuite>
