<?xml version="1.0" encoding="UTF-8"?>
<testsuite name="Test.AndroidTests.LoginAndRegTests.LogoutTest" tests="1" skipped="0" failures="0" errors="0" timestamp="2019-07-22T13:36:34" hostname="Tonis-iMac.local" time="36.655">
  <properties/>
  <testcase name="logoutTest" classname="Test.AndroidTests.LoginAndRegTests.LogoutTest" time="36.655"/>
  <system-out><![CDATA[]]></system-out>
  <system-err><![CDATA[июл 22, 2019 4:36:45 PM io.appium.java_client.remote.AppiumCommandExecutor$1 lambda$0
INFO: Detected dialect: W3C
]]></system-err>
</testsuite>
