<?xml version="1.0" encoding="UTF-8"?>
<testsuite name="Test.AndroidTests.ProfileTests.CheckSubscribersAndSubscriptionsTest" tests="2" skipped="0" failures="0" errors="0" timestamp="2019-09-24T13:34:47" hostname="Tonis-iMac.local" time="72.69">
  <properties/>
  <testcase name="clickBySubscripersTest" classname="Test.AndroidTests.ProfileTests.CheckSubscribersAndSubscriptionsTest" time="37.738"/>
  <testcase name="clickBySubscriptions" classname="Test.AndroidTests.ProfileTests.CheckSubscribersAndSubscriptionsTest" time="34.952"/>
  <system-out><![CDATA[]]></system-out>
  <system-err><![CDATA[сен 24, 2019 4:35:03 PM io.appium.java_client.remote.AppiumCommandExecutor$1 lambda$0
INFO: Detected dialect: W3C
сен 24, 2019 4:35:38 PM io.appium.java_client.remote.AppiumCommandExecutor$1 lambda$0
INFO: Detected dialect: W3C
]]></system-err>
</testsuite>
