<?xml version="1.0" encoding="UTF-8"?>
<testsuite name="Test.AndroidTests.ProfileTests.ProfileTests" tests="3" skipped="0" failures="0" errors="0" timestamp="2020-01-21T07:52:04" hostname="Tonis-iMac.local" time="98.414">
  <properties/>
  <testcase name="checkGuide()" classname="Test.AndroidTests.ProfileTests.ProfileTests" time="31.655"/>
  <testcase name="checkMyProducts()" classname="Test.AndroidTests.ProfileTests.ProfileTests" time="32.292"/>
  <testcase name="checkLikedTest()" classname="Test.AndroidTests.ProfileTests.ProfileTests" time="34.467"/>
  <system-out><![CDATA[Переход на вкладку Гид выполнен успешно
Переход в Мои товары выполнен успешно
Переход во вкладку Мне понравилось выполнен успешно
]]></system-out>
  <system-err><![CDATA[янв 21, 2020 10:52:15 AM io.appium.java_client.remote.AppiumCommandExecutor$1 lambda$0
INFO: Detected dialect: W3C
янв 21, 2020 10:52:48 AM io.appium.java_client.remote.AppiumCommandExecutor$1 lambda$0
INFO: Detected dialect: W3C
янв 21, 2020 10:53:19 AM io.appium.java_client.remote.AppiumCommandExecutor$1 lambda$0
INFO: Detected dialect: W3C
]]></system-err>
</testsuite>
