<?xml version="1.0" encoding="UTF-8"?>
<testsuite name="Test.AndroidTests.LoginAndRegTests.Login_test" tests="3" skipped="0" failures="0" errors="0" timestamp="2019-09-24T13:57:45" hostname="Tonis-iMac.local" time="68.314">
  <properties/>
  <testcase name="incorrectPhoneNumber" classname="Test.AndroidTests.LoginAndRegTests.Login_test" time="19.681"/>
  <testcase name="correctLoginTest" classname="Test.AndroidTests.LoginAndRegTests.Login_test" time="26.844"/>
  <testcase name="incorrectCode" classname="Test.AndroidTests.LoginAndRegTests.Login_test" time="21.789"/>
  <system-out><![CDATA[]]></system-out>
  <system-err><![CDATA[сен 24, 2019 4:57:56 PM io.appium.java_client.remote.AppiumCommandExecutor$1 lambda$0
INFO: Detected dialect: W3C
сен 24, 2019 4:58:16 PM io.appium.java_client.remote.AppiumCommandExecutor$1 lambda$0
INFO: Detected dialect: W3C
сен 24, 2019 4:58:43 PM io.appium.java_client.remote.AppiumCommandExecutor$1 lambda$0
INFO: Detected dialect: W3C
]]></system-err>
</testsuite>
